<?xml version="1.0" encoding="UTF-8"?>
<!-- Generated by org.testng.reporters.JUnitReportReporter -->
<testsuite skipped="0" hostname="VGUNASEKARAN" name="com.javacodegeeks.testng.parameters.TestNgParameterExample" tests="2" failures="0" timestamp="21 Jun 2019 09:49:23 GMT" time="0.024" errors="0">
  <testcase name="t1" time="0.022" classname="com.javacodegeeks.testng.parameters.TestNgParameterExample"/>
  <testcase name="t2" time="0.002" classname="com.javacodegeeks.testng.parameters.TestNgParameterExample"/>
</testsuite> <!-- com.javacodegeeks.testng.parameters.TestNgParameterExample -->
