<?xml version="1.0" encoding="UTF-8"?>
<!-- Generated by org.testng.reporters.JUnitReportReporter -->
<testsuite skipped="0" hostname="VGUNASEKARAN" name="com.javacodegeeks.testng.parameters.TestNgMultipleParameterExample" tests="1" failures="0" timestamp="21 Jun 2019 09:28:09 GMT" time="0.025" errors="0">
  <testcase name="t1" time="0.025" classname="com.javacodegeeks.testng.parameters.TestNgMultipleParameterExample"/>
</testsuite> <!-- com.javacodegeeks.testng.parameters.TestNgMultipleParameterExample -->
