<?xml version="1.0" encoding="UTF-8"?>
<!-- Generated by org.testng.reporters.JUnitReportReporter -->
<testsuite hostname="VGUNASEKARAN2" name="ActiTime.gmailLogin" tests="1" failures="0" timestamp="13 Nov 2019 15:13:25 GMT" time="3.525" errors="0">
  <testcase name="gLogin" time="3.525" classname="ActiTime.gmailLogin"/>
</testsuite> <!-- ActiTime.gmailLogin -->
