<?xml version="1.0" encoding="UTF-8"?>
<!-- Generated by org.testng.reporters.JUnitReportReporter -->
<testsuite hostname="VGUNASEKARAN2" name="ActiTime.TableToExcel" tests="1" failures="0" timestamp="6 Nov 2019 11:41:29 GMT" time="10.193" errors="0">
  <testcase name="test" time="10.193" classname="ActiTime.TableToExcel"/>
</testsuite> <!-- ActiTime.TableToExcel -->
