<?xml version="1.0" encoding="UTF-8"?>
<!-- Generated by org.testng.reporters.JUnitReportReporter -->
<testsuite hostname="VGUNASEKARAN2" name="ActiTime.DataExact" tests="1" failures="0" timestamp="13 Nov 2019 13:49:23 GMT" time="9.090" errors="0">
  <testcase name="test" time="9.090" classname="ActiTime.DataExact"/>
</testsuite> <!-- ActiTime.DataExact -->
